  4.8527956E-02
  4.4447426E-02
  4.0743567E-02
  3.7360892E-02
  3.4263697E-02
  3.1424962E-02
  2.8822038E-02
  2.6434936E-02
  2.4245623E-02
  2.2237655E-02
  2.0395992E-02
  1.8706854E-02
  1.7157607E-02
  1.5736666E-02
  1.4433402E-02
  1.3238071E-02
  1.2141732E-02
  1.1136191E-02
  1.0213926E-02
  9.3680397E-03
  8.5922061E-03
  7.8806253E-03
  7.2279759E-03
  6.6293762E-03
  6.0803513E-03
  5.5767945E-03
  5.1149414E-03
  4.6913372E-03
  4.3028151E-03
  3.9464687E-03
  3.6196338E-03
  3.3198665E-03
  3.0449252E-03
  2.7927535E-03
  2.5614663E-03
  2.3493334E-03
  2.1547687E-03
  1.9763170E-03
  1.8126445E-03
  1.6625267E-03
   15.79726    
   31.13219    
   25.40673    
   15.49048    
   8.148446    
   3.930431    
   1.801176    
  0.8077869    
  0.3676055    
   62.26756    
   85.66523    
   63.97109    
   37.47673    
   19.29041    
   9.977787    
   5.567783    
   35.50564    
   33.31390    
   21.66103    
   11.85634    
   61.57686    
   57.19423    
   58.82471    
   53.02929    
   46.19825    
   182.6202    
   165.6603    
   105.5848    
   56.95295    
   27.94956    
   114.9632    
   121.6469    
   83.47623    
   47.04079    
   23.79676    
   11.34478    
   5.301327    
   2.542264    
   1.326971    
  0.7973016    
   60.69376    
   60.33479    
   39.82153    
   34.72900    
   23.46805    
   22.82878    
   16.99424    
   10.26352    
   5.511719    
   2.800400    
   4.406149    
   194.3233    
   192.9397    
   127.4750    
   117.6007    
   81.19239    
   46.53118    
   23.88369    
   11.51098    
   11.95882    
   65.02006    
   157.0945    
   133.6984    
   85.79362    
   46.92717    
   23.37116    
   11.05086    
   11.72688    
   29.10448    
   220.9065    
   207.1339    
   133.4241    
   72.35526    
   35.64204    
   36.70900    
   207.4753    
   192.4725    
   123.6712    
   67.06245    
   33.09990    
   20.85127    
   12.39196    
   6.836920    
   4.328561    
   2.666740    
   1.933045    
   2.182526    
   1.752903    
   1.217318    
   47.67008    
   46.35994    
   30.31732    
   16.64472    
   8.334319    
   53.54277    
   66.57213    
   48.43353    
   218.2203    
   211.6451    
   139.3202    
   76.56897    
   38.01978    
   96.31304    
   317.1863    
   304.6903    
   200.5241    
   169.4008    
   409.3982    
   437.7985    
   309.2687    
   177.4984    
   90.58132    
   43.10938    
   19.79830    
   24.62999    
   19.56501    
   12.26325    
   6.880286    
   3.746548    
   2.124569    
   1.332003    
   16.88442    
   69.40641    
   180.2908    
   154.8629    
   226.1790    
   197.3676    
   126.5792    
   70.65264    
   84.61662    
   64.83968    
   39.71789    
   21.36420    
   131.7133    
   125.7797    
   82.04420    
   44.96859    
   22.43072    
   21.85832    
   15.98727    
   9.647856    
   5.283336    
   2.817618    
   1.591537    
   1.113013    
  0.8120309    
  0.6169212    
  0.4953499    
   42.93921    
   41.91166    
   27.43214    
   15.30091    
   22.66182    
   21.52786    
   83.23415    
   75.34837    
   48.02931    
   43.98298    
   32.19823    
   19.24761    
   23.08264    
   17.64374    
   10.66616    
   5.700909    
   2.873879    
   1.443303    
   170.5929    
   201.9909    
   143.3510    
   81.89838    
   41.57455    
   369.5819    
   350.8614    
   227.1174    
   173.2282    
   425.1752    
   596.8309    
   454.5610    
   284.5175    
   156.3171    
   78.43862    
   37.22082    
   17.25998    
   8.145031    
   4.132626    
   2.400212    
   19.86741    
   87.96690    
   80.01604    
   357.9049    
   372.4222    
   268.0123    
   156.2213    
   80.68340    
   38.80238    
   18.02169    
   8.403044    
   4.141471    
   2.293582    
   1.487164    
   1.117375    
  0.9280481    
  0.8138051    
  0.7321604    
  0.6661569    
  0.6089852    
  0.5578101    
  0.5208624    
  0.4781969    
  0.4360949    
  0.3977053    
  0.3633585    
   10.54126    
   10.32606    
   9.828845    
   6.757889    
   3.904734    
   2.157300    
   1.159474    
  0.6370729    
  0.3791733    
  0.2547158    
  0.1932482    
   4.891740    
   5.387316    
   3.751628    
   2.154824    
   3.656970    
   5.182917    
   5.170476    
   5.768806    
   12.29955    
   13.85534    
   9.854737    
   5.882345    
   3.144688    
   1.567070    
   1.165844    
  0.7708320    
  0.4577199    
   25.00952    
   31.83407    
   71.64005    
   60.76974    
   37.76163    
   20.10087    
   9.784935    
   4.525383    
   28.76731    
   64.17223    
   60.14838    
   100.9991    
   126.9058    
   235.9980    
   321.8756    
   395.5304    
   299.7022    
   214.8106    
   128.5780    
   68.02666    
   33.43903    
   17.84610    
   13.81173    
   11.86810    
   8.077617    
   4.937701    
   2.884299    
   1.728034    
   1.126475    
  0.8203642    
  0.6586776    
  0.5644161    
   1.047786    
  0.9871696    
   1.018474    
  0.8187620    
  0.6034144    
  0.4498598    
   9.200777    
   11.43093    
   8.619335    
   5.184812    
   3.665793    
   2.289340    
   1.311572    
   1.958605    
   10.08800    
   9.517991    
   6.204739    
   3.424620    
   1.739262    
   24.08531    
   312.9609    
   610.9462    
   498.5287    
   303.9234    
   159.7785    
   76.94836    
   36.67750    
   25.12185    
   15.78339    
   8.932080    
   4.789385    
   2.581240    
   1.488835    
  0.9659331    
  0.7125138    
  0.5808650    
  0.5031661    
  0.4497051    
  0.4078733    
  0.3723189    
  0.3408026    
  0.3123186    
  0.2864054    
  0.2626524    
  0.2408735    
  0.2209081    
  0.2026039    
  0.1858202    
  0.1704290    
  0.1563137    
  0.1433679    
  0.1314944    
  0.1206044    
  0.1106162    
  0.1014553    
  9.3053102E-02
  8.5346721E-02
  7.8278556E-02
  7.1795762E-02
  6.7760520E-02
  6.2263157E-02
  5.6612372E-02
  5.1470216E-02
  4.6925563E-02
  4.2891037E-02
  3.9268114E-02
  3.5984304E-02
  3.2990586E-02
  3.0252764E-02
  2.7745046E-02
  2.5446385E-02
  2.3338640E-02
  2.1405671E-02
  1.9632867E-02
  1.8006912E-02
  1.6515628E-02
  1.5147849E-02
  1.3893348E-02
  1.2742743E-02
   2.741189    
   2.677549    
   1.749606    
  0.9565864    
  0.4744446    
  0.2233109    
  0.1036568    
  4.9723547E-02
  2.6169190E-02
  5.8855817E-02
  0.1649581    
  0.1455933    
  0.1067631    
  6.5789625E-02
  3.7151121E-02
  2.0713897E-02
  1.2213503E-02
  8.0230143E-03
  5.9499773E-03
  4.8581399E-03
  4.2088791E-03
  3.7610256E-03
  3.4104185E-03
  3.1128090E-03
   20.48309    
   23.77225    
   16.83273    
   104.1477    
   97.23861    
   80.98405    
   51.86589    
   28.35984    
   14.08619    
   6.606766    
   36.81013    
   34.41345    
   22.23088    
   12.12088    
   246.9240    
   238.2317    
   189.9009    
   190.9454    
   134.6118    
   95.41798    
   285.5298    
   253.5172    
   349.7710    
   271.3638    
   185.5398    
   107.5193    
   55.80102    
   27.09295    
   12.77392    
   6.103325    
   3.124293    
   28.16223    
   26.97611    
   61.93429    
   53.12607    
   33.38024    
   18.07025    
   9.071683    
   15.28017    
   83.25111    
   135.5072    
   121.7493    
   78.96056    
   43.32109    
   21.61727    
   10.25625    
   6.279811    
   3.780592    
   2.199636    
   1.300225    
  0.8268147    
   1.982893    
   34.46981    
   33.17439    
   21.63527    
   11.88009    
   6.838418    
   118.8987    
   114.4860    
   74.44990    
   40.57386    
   20.04832    
   15.31933    
   95.82117    
   107.2101    
   74.97617    
   42.62717    
   21.65257    
   10.32588    
   10.56116    
   7.902277    
   13.19375    
   95.73302    
   89.71539    
   57.82869    
   31.41144    
   15.52562    
   7.297306    
   3.389730    
   1.631802    
  0.8646372    
  0.5314623    
  0.3819611    
  0.4841422    
   1.003577    
  0.9027010    
  0.6377110    
  0.7168047    
  0.5944555    
  0.6810752    
  0.5424793    
  0.3720973    
  0.6588802    
   26.69711    
   25.91719    
   16.90309    
   19.65083    
   14.75691    
   8.796501    
   4.619469    
   5.324597    
   4.583711    
   3.154817    
   5.268173    
   4.756818    
   3.482403    
   2.132205    
   1.165234    
  0.6038957    
  0.3145256    
  0.1752207    
  0.1101583    
  7.9414636E-02
  6.3886441E-02
  7.4765086E-02
  6.8329401E-02
  5.6997541E-02
  4.7367375E-02
  4.0443957E-02
  0.2119913    
   51.84853    
   50.59983    
   33.00547    
   17.98298    
   8.856410    
   4.108191    
   14.19433    
   20.68725    
   319.6276    
   306.2395    
   199.5371    
   108.8131    
   54.23864    
   25.47792    
   11.59154    
   5.273813    
   2.511173    
   1.328764    
  0.8216613    
  0.5953941    
   1.414479    
   1.489117    
   1.192832    
   1.277658    
   2.524382    
   2.178838    
   1.442442    
   121.9368    
   288.7729    
   243.5679    
   150.6101    
   79.87939    
   38.76656    
   21.81998    
   12.61137    
   10.68243    
   7.391028    
   4.812076    
   2.861646    
   1.651423    
   1.340447    
  0.9947307    
  0.7041767    
   1.740993    
   47.71175    
   76.41540    
   59.65758    
   35.75173    
   18.70230    
   9.062231    
   4.241969    
   8.020833    
   20.93137    
   89.78909    
   144.2295    
   114.6420    
   82.09989    
   48.87879    
   25.75126    
   12.58602    
   9.527300    
   6.718677    
   4.081348    
   2.283012    
   1.259405    
  0.7325077    
  0.4740472    
  0.3471740    
  0.3360330    
   17.43263    
   16.99427    
   11.13771    
   6.137196    
   3.094675    
   1.506216    
  0.7454031    
   1.911844    
   1.721895    
   1.137125    
  0.6631774    
  0.3767873    
  0.2249939    
  0.1490729    
  0.1153633    
  9.5116377E-02
  8.4198542E-02
   1.010725    
  0.9819725    
   1.015585    
  0.7297429    
   2.558398    
   4.679193    
   3.916907    
   2.441195    
   44.07551    
   42.43411    
   33.63777    
   21.63241    
   11.94209    
   5.986423    
   3.054519    
   1.527983    
  0.7672997    
  0.3972356    
  0.2367964    
  0.1552072    
   1.068751    
   1.202649    
   6.649957    
   9.802649    
   7.525036    
   50.11433    
   127.6407    
   109.0872    
   88.55603    
   56.32685    
   30.74032    
   15.27397    
   7.182095    
   23.83784    
   22.14219    
   19.00183    
   17.90244    
   12.28997    
   7.045680    
   3.662277    
   1.850604    
   8.886354    
   8.441615    
   5.758439    
   3.582774    
   2.039231    
   3.206949    
   2.648443    
   1.676620    
  0.9415909    
  0.5104191    
  0.3512712    
  0.2575389    
  0.1825822    
  0.1316021    
  0.1030789    
  8.4510356E-02
  0.1529707    
  0.1424216    
  0.1084199    
  7.9663157E-02
  6.0880464E-02
  4.9458921E-02
  4.2323809E-02
  3.7458424E-02
  3.3773854E-02
  3.0735655E-02
  7.7147231E-02
   4.097918    
   3.986710    
   2.833719    
   2.465300    
   1.652565    
  0.9359977    
  0.4809714    
  0.2357249    
  0.1388423    
  8.2762942E-02
  4.9894594E-02
  3.1855069E-02
  2.2366250E-02
  1.7347177E-02
  1.4515922E-02
  1.2722176E-02
  1.1424936E-02
  1.0380790E-02
  9.6730553E-03
   1.611450    
   1.573864    
   1.083444    
  0.6164210    
  0.3146609    
  0.1512500    
  7.1266092E-02
  3.4499180E-02
  0.6408213    
   21.77035    
   21.07002    
   13.70398    
   7.454474    
   3.823766    
   1.851818    
  0.8634897    
  0.3987664    
  0.1900614    
  9.8950453E-02
  5.9433766E-02
  4.1823108E-02
  0.2212450    
  0.3595314    
